<?xml version="1.0" encoding="UTF-8"?>
<testsuite name="com.ebiz.wsb.UserServiceTest" tests="1" skipped="0" failures="0" errors="0" timestamp="2024-07-19T09:56:53" hostname="LAPTOP-JAIPTKE6" time="1.136">
  <properties/>
  <testcase name="testRegisterUser()" classname="com.ebiz.wsb.UserServiceTest" time="1.136"/>
  <system-out><![CDATA[18:56:48.213 [Test worker] INFO org.springframework.test.context.support.AnnotationConfigContextLoaderUtils -- Could not detect default configuration classes for test class [com.ebiz.wsb.UserServiceTest]: UserServiceTest does not declare any static, non-private, non-final, nested classes annotated with @Configuration.
18:56:48.316 [Test worker] INFO org.springframework.boot.test.context.SpringBootTestContextBootstrapper -- Found @SpringBootConfiguration com.ebiz.wsb.WsbApplication for test class com.ebiz.wsb.UserServiceTest

  .   ____          _            __ _ _
 /\\ / ___'_ __ _ _(_)_ __  __ _ \ \ \ \
( ( )\___ | '_ | '_| | '_ \/ _` | \ \ \ \
 \\/  ___)| |_)| | | | | || (_| |  ) ) ) )
  '  |____| .__|_| |_|_| |_\__, | / / / /
 =========|_|==============|___/=/_/_/_/

 :: Spring Boot ::                (v3.3.1)

2024-07-19T18:56:48.688+09:00  WARN 15968 --- [wsb] [    Test worker] ory$DuplicateJsonObjectContextCustomizer : 

Found multiple occurrences of org.json.JSONObject on the class path:

	jar:file:/C:/Users/sande/.gradle/caches/modules-2/files-2.1/org.json/json/20160810/aca5eb39e2a12fddd6c472b240afe9ebea3a6733/json-20160810.jar!/org/json/JSONObject.class
	jar:file:/C:/Users/sande/.gradle/caches/modules-2/files-2.1/com.vaadin.external.google/android-json/0.0.20131108.vaadin1/fa26d351fe62a6a17f5cda1287c1c6110dec413f/android-json-0.0.20131108.vaadin1.jar!/org/json/JSONObject.class

You may wish to exclude one of them to ensure predictable runtime behavior

2024-07-19T18:56:48.704+09:00  INFO 15968 --- [wsb] [    Test worker] com.ebiz.wsb.UserServiceTest             : Starting UserServiceTest using Java 21.0.2 with PID 15968 (started by 원호 in C:\Users\sande\Desktop\wsb)
2024-07-19T18:56:48.705+09:00  INFO 15968 --- [wsb] [    Test worker] com.ebiz.wsb.UserServiceTest             : No active profile set, falling back to 1 default profile: "default"
2024-07-19T18:56:49.469+09:00  INFO 15968 --- [wsb] [    Test worker] .s.d.r.c.RepositoryConfigurationDelegate : Multiple Spring Data modules found, entering strict repository configuration mode
2024-07-19T18:56:49.471+09:00  INFO 15968 --- [wsb] [    Test worker] .s.d.r.c.RepositoryConfigurationDelegate : Bootstrapping Spring Data JPA repositories in DEFAULT mode.
2024-07-19T18:56:49.618+09:00  INFO 15968 --- [wsb] [    Test worker] .s.d.r.c.RepositoryConfigurationDelegate : Finished Spring Data repository scanning in 138 ms. Found 2 JPA repository interfaces.
2024-07-19T18:56:49.642+09:00  INFO 15968 --- [wsb] [    Test worker] .s.d.r.c.RepositoryConfigurationDelegate : Multiple Spring Data modules found, entering strict repository configuration mode
2024-07-19T18:56:49.643+09:00  INFO 15968 --- [wsb] [    Test worker] .s.d.r.c.RepositoryConfigurationDelegate : Bootstrapping Spring Data Redis repositories in DEFAULT mode.
2024-07-19T18:56:49.659+09:00  INFO 15968 --- [wsb] [    Test worker] .RepositoryConfigurationExtensionSupport : Spring Data Redis - Could not safely identify store assignment for repository candidate interface com.ebiz.wsb.repository.LocationRepository; If you want this repository to be a Redis repository, consider annotating your entities with one of these annotations: org.springframework.data.redis.core.RedisHash (preferred), or consider extending one of the following types with your repository: org.springframework.data.keyvalue.repository.KeyValueRepository
2024-07-19T18:56:49.660+09:00  INFO 15968 --- [wsb] [    Test worker] .RepositoryConfigurationExtensionSupport : Spring Data Redis - Could not safely identify store assignment for repository candidate interface com.ebiz.wsb.repository.UserRepository; If you want this repository to be a Redis repository, consider annotating your entities with one of these annotations: org.springframework.data.redis.core.RedisHash (preferred), or consider extending one of the following types with your repository: org.springframework.data.keyvalue.repository.KeyValueRepository
2024-07-19T18:56:49.660+09:00  INFO 15968 --- [wsb] [    Test worker] .s.d.r.c.RepositoryConfigurationDelegate : Finished Spring Data repository scanning in 5 ms. Found 0 Redis repository interfaces.
2024-07-19T18:56:50.179+09:00  INFO 15968 --- [wsb] [    Test worker] o.hibernate.jpa.internal.util.LogHelper  : HHH000204: Processing PersistenceUnitInfo [name: default]
2024-07-19T18:56:50.245+09:00  INFO 15968 --- [wsb] [    Test worker] org.hibernate.Version                    : HHH000412: Hibernate ORM core version 6.5.2.Final
2024-07-19T18:56:50.287+09:00  INFO 15968 --- [wsb] [    Test worker] o.h.c.internal.RegionFactoryInitiator    : HHH000026: Second-level cache disabled
2024-07-19T18:56:50.591+09:00  INFO 15968 --- [wsb] [    Test worker] o.s.o.j.p.SpringPersistenceUnitInfo      : No LoadTimeWeaver setup: ignoring JPA class transformer
2024-07-19T18:56:50.620+09:00  INFO 15968 --- [wsb] [    Test worker] com.zaxxer.hikari.HikariDataSource       : HikariPool-1 - Starting...
2024-07-19T18:56:50.762+09:00  INFO 15968 --- [wsb] [    Test worker] com.zaxxer.hikari.pool.HikariPool        : HikariPool-1 - Added connection com.mysql.cj.jdbc.ConnectionImpl@7ebc5be6
2024-07-19T18:56:50.765+09:00  INFO 15968 --- [wsb] [    Test worker] com.zaxxer.hikari.HikariDataSource       : HikariPool-1 - Start completed.
2024-07-19T18:56:51.628+09:00  INFO 15968 --- [wsb] [    Test worker] o.h.e.t.j.p.i.JtaPlatformInitiator       : HHH000489: No JTA platform available (set 'hibernate.transaction.jta.platform' to enable JTA platform integration)
2024-07-19T18:56:51.714+09:00  INFO 15968 --- [wsb] [    Test worker] j.LocalContainerEntityManagerFactoryBean : Initialized JPA EntityManagerFactory for persistence unit 'default'
2024-07-19T18:56:52.079+09:00  WARN 15968 --- [wsb] [    Test worker] JpaBaseConfiguration$JpaWebConfiguration : spring.jpa.open-in-view is enabled by default. Therefore, database queries may be performed during view rendering. Explicitly configure spring.jpa.open-in-view to disable this warning
2024-07-19T18:56:52.102+09:00  WARN 15968 --- [wsb] [    Test worker] .s.s.UserDetailsServiceAutoConfiguration : 

Using generated security password: dfc51f67-710f-40f0-9dd7-fd3257b34ff6

This generated password is for development use only. Your security configuration must be updated before running your application in production.

2024-07-19T18:56:52.110+09:00  INFO 15968 --- [wsb] [    Test worker] r$InitializeUserDetailsManagerConfigurer : Global AuthenticationManager configured with UserDetailsService bean with name inMemoryUserDetailsManager
2024-07-19T18:56:52.415+09:00  WARN 15968 --- [wsb] [    Test worker] o.s.s.c.a.web.builders.WebSecurity       : You are asking Spring Security to ignore Deferred [Mvc [pattern='/api/users/register'], Ant [pattern='/api/users/register']]. This is not recommended -- please use permitAll via HttpSecurity#authorizeHttpRequests instead.
2024-07-19T18:56:53.182+09:00  INFO 15968 --- [wsb] [    Test worker] com.ebiz.wsb.UserServiceTest             : Started UserServiceTest in 4.704 seconds (process running for 5.833)
]]></system-out>
  <system-err><![CDATA[WARNING: A Java agent has been loaded dynamically (C:\Users\sande\.gradle\caches\modules-2\files-2.1\net.bytebuddy\byte-buddy-agent\1.14.17\e3c251a39dc90badaf71c83427ba46840f219d8d\byte-buddy-agent-1.14.17.jar)
WARNING: If a serviceability tool is in use, please run with -XX:+EnableDynamicAgentLoading to hide this warning
WARNING: If a serviceability tool is not in use, please run with -Djdk.instrument.traceUsage for more information
WARNING: Dynamic loading of agents will be disallowed by default in a future release
]]></system-err>
</testsuite>
